[20:31:52] [DEBUG] Created script domain 'ScriptDomain_7C436C89'.
[20:31:52] [DEBUG] Loading scripts from 'E:\Grand Theft Auto V\scripts' into script domain 'ScriptDomain_7C436C89' ...
[20:31:52] [DEBUG] Found 7 script(s) in 'HotCoffee.dll'.
[20:31:52] [DEBUG] Starting 7 script(s) ...
[20:31:52] [DEBUG] Instantiating script 'HotCoffee.Settings' in script domain 'ScriptDomain_7C436C89' ...
[20:31:52] [DEBUG] Started script 'HotCoffee.Settings'.
[20:31:52] [DEBUG] Instantiating script 'HotCoffee.Main' in script domain 'ScriptDomain_7C436C89' ...
[20:31:52] [ERROR] Failed to instantiate script 'HotCoffee.Main' because constructor threw an exception:
System.TypeInitializationException: “HotCoffee.Main”的类型初始值设定项引发异常。 ---> System.IO.FileNotFoundException: 未能加载文件或程序集“NativeUI, Version=1.0.0.0, Culture=neutral, PublicKeyToken=null”或它的某一个依赖项。系统找不到指定的文件。
   在 HotCoffee.Main..cctor()
   --- 内部异常堆栈跟踪的结尾 ---
   在 HotCoffee.Main..ctor()
[20:31:52] [DEBUG] Instantiating script 'HotCoffee.HotCoffeeVehicleScript' in script domain 'ScriptDomain_7C436C89' ...
[20:31:52] [DEBUG] Started script 'HotCoffee.HotCoffeeVehicleScript'.
[20:31:52] [DEBUG] Instantiating script 'HotCoffee.HotCoffeeOnFootScript' in script domain 'ScriptDomain_7C436C89' ...
[20:31:52] [DEBUG] Started script 'HotCoffee.HotCoffeeOnFootScript'.
[20:31:52] [DEBUG] Instantiating script 'HotCoffee.Menus.Vehicle.MainMenu' in script domain 'ScriptDomain_7C436C89' ...
[20:31:52] [ERROR] Failed to instantiate script 'HotCoffee.Menus.Vehicle.MainMenu' because constructor threw an exception:
System.IO.FileNotFoundException: 未能加载文件或程序集“NativeUI, Version=1.0.0.0, Culture=neutral, PublicKeyToken=null”或它的某一个依赖项。系统找不到指定的文件。
文件名:“NativeUI, Version=1.0.0.0, Culture=neutral, PublicKeyToken=null”
   在 HotCoffee.Menus.Vehicle.MainMenu..ctor()

警告: 程序集绑定日志记录被关闭。
要启用程序集绑定失败日志记录，请将注册表值 [HKLM\Software\Microsoft\Fusion!EnableLog] (DWORD)设置为 1。
注意: 会有一些与程序集绑定失败日志记录关联的性能损失。
要关闭此功能，请移除注册表值 [HKLM\Software\Microsoft\Fusion!EnableLog]。

[20:31:52] [DEBUG] Instantiating script 'HotCoffee.Menus.OnFoot.SexMenu' in script domain 'ScriptDomain_7C436C89' ...
[20:31:52] [ERROR] Failed to instantiate script 'HotCoffee.Menus.OnFoot.SexMenu' because constructor threw an exception:
System.IO.FileNotFoundException: 未能加载文件或程序集“NativeUI, Version=1.0.0.0, Culture=neutral, PublicKeyToken=null”或它的某一个依赖项。系统找不到指定的文件。
文件名:“NativeUI, Version=1.0.0.0, Culture=neutral, PublicKeyToken=null”
   在 HotCoffee.Menus.OnFoot.SexMenu..ctor()

警告: 程序集绑定日志记录被关闭。
要启用程序集绑定失败日志记录，请将注册表值 [HKLM\Software\Microsoft\Fusion!EnableLog] (DWORD)设置为 1。
注意: 会有一些与程序集绑定失败日志记录关联的性能损失。
要关闭此功能，请移除注册表值 [HKLM\Software\Microsoft\Fusion!EnableLog]。

[20:31:52] [DEBUG] Instantiating script 'HotCoffee.Menus.OnFoot.MainMenu' in script domain 'ScriptDomain_7C436C89' ...
[20:31:52] [ERROR] Failed to instantiate script 'HotCoffee.Menus.OnFoot.MainMenu' because constructor threw an exception:
System.IO.FileNotFoundException: 未能加载文件或程序集“NativeUI, Version=1.0.0.0, Culture=neutral, PublicKeyToken=null”或它的某一个依赖项。系统找不到指定的文件。
文件名:“NativeUI, Version=1.0.0.0, Culture=neutral, PublicKeyToken=null”
   在 HotCoffee.Menus.OnFoot.MainMenu..ctor()

警告: 程序集绑定日志记录被关闭。
要启用程序集绑定失败日志记录，请将注册表值 [HKLM\Software\Microsoft\Fusion!EnableLog] (DWORD)设置为 1。
注意: 会有一些与程序集绑定失败日志记录关联的性能损失。
要关闭此功能，请移除注册表值 [HKLM\Software\Microsoft\Fusion!EnableLog]。

[20:31:52] [ERROR] Caught fatal unhandled exception:
System.IO.FileNotFoundException: 未能加载文件或程序集“NativeUI, Version=1.0.0.0, Culture=neutral, PublicKeyToken=null”或它的某一个依赖项。系统找不到指定的文件。
文件名:“NativeUI, Version=1.0.0.0, Culture=neutral, PublicKeyToken=null”
   在 HotCoffee.HotCoffeeVehicleScript.OnTick(Object sender, EventArgs e)
   在 GTA.Script.raise_Tick(Object value0, EventArgs value1)
   在 GTA.Script.MainLoop()

警告: 程序集绑定日志记录被关闭。
要启用程序集绑定失败日志记录，请将注册表值 [HKLM\Software\Microsoft\Fusion!EnableLog] (DWORD)设置为 1。
注意: 会有一些与程序集绑定失败日志记录关联的性能损失。
要关闭此功能，请移除注册表值 [HKLM\Software\Microsoft\Fusion!EnableLog]。

[20:31:52] [ERROR] Caught fatal unhandled exception:
System.IO.FileNotFoundException: 未能加载文件或程序集“NativeUI, Version=1.0.0.0, Culture=neutral, PublicKeyToken=null”或它的某一个依赖项。系统找不到指定的文件。
文件名:“NativeUI, Version=1.0.0.0, Culture=neutral, PublicKeyToken=null”
   在 HotCoffee.HotCoffeeOnFootScript.OnTick(Object sender, EventArgs e)
   在 GTA.Script.raise_Tick(Object value0, EventArgs value1)
   在 GTA.Script.MainLoop()

警告: 程序集绑定日志记录被关闭。
要启用程序集绑定失败日志记录，请将注册表值 [HKLM\Software\Microsoft\Fusion!EnableLog] (DWORD)设置为 1。
注意: 会有一些与程序集绑定失败日志记录关联的性能损失。
要关闭此功能，请移除注册表值 [HKLM\Software\Microsoft\Fusion!EnableLog]。

[20:31:57] [ERROR] Script 'HotCoffee.HotCoffeeOnFootScript' is not responding! Aborting ...
[20:31:57] [DEBUG] Aborted script 'HotCoffee.HotCoffeeOnFootScript'.
[20:34:58] [DEBUG] Created script domain 'ScriptDomain_A72F3A56'.
[20:34:58] [DEBUG] Loading scripts from 'E:\Grand Theft Auto V\scripts' into script domain 'ScriptDomain_A72F3A56' ...
[20:34:58] [DEBUG] Found 7 script(s) in 'HotCoffee.dll'.
[20:34:58] [DEBUG] Starting 7 script(s) ...
[20:34:58] [DEBUG] Instantiating script 'HotCoffee.Settings' in script domain 'ScriptDomain_A72F3A56' ...
[20:34:58] [DEBUG] Started script 'HotCoffee.Settings'.
[20:34:58] [DEBUG] Instantiating script 'HotCoffee.Main' in script domain 'ScriptDomain_A72F3A56' ...
[20:34:58] [ERROR] Failed to instantiate script 'HotCoffee.Main' because constructor threw an exception:
System.TypeInitializationException: “HotCoffee.Main”的类型初始值设定项引发异常。 ---> System.IO.FileNotFoundException: 未能加载文件或程序集“NativeUI, Version=1.0.0.0, Culture=neutral, PublicKeyToken=null”或它的某一个依赖项。系统找不到指定的文件。
   在 HotCoffee.Main..cctor()
   --- 内部异常堆栈跟踪的结尾 ---
   在 HotCoffee.Main..ctor()
[20:34:58] [DEBUG] Instantiating script 'HotCoffee.HotCoffeeVehicleScript' in script domain 'ScriptDomain_A72F3A56' ...
[20:34:58] [DEBUG] Started script 'HotCoffee.HotCoffeeVehicleScript'.
[20:34:58] [DEBUG] Instantiating script 'HotCoffee.HotCoffeeOnFootScript' in script domain 'ScriptDomain_A72F3A56' ...
[20:34:58] [DEBUG] Started script 'HotCoffee.HotCoffeeOnFootScript'.
[20:34:58] [DEBUG] Instantiating script 'HotCoffee.Menus.Vehicle.MainMenu' in script domain 'ScriptDomain_A72F3A56' ...
[20:34:58] [ERROR] Failed to instantiate script 'HotCoffee.Menus.Vehicle.MainMenu' because constructor threw an exception:
System.IO.FileNotFoundException: 未能加载文件或程序集“NativeUI, Version=1.0.0.0, Culture=neutral, PublicKeyToken=null”或它的某一个依赖项。系统找不到指定的文件。
文件名:“NativeUI, Version=1.0.0.0, Culture=neutral, PublicKeyToken=null”
   在 HotCoffee.Menus.Vehicle.MainMenu..ctor()

警告: 程序集绑定日志记录被关闭。
要启用程序集绑定失败日志记录，请将注册表值 [HKLM\Software\Microsoft\Fusion!EnableLog] (DWORD)设置为 1。
注意: 会有一些与程序集绑定失败日志记录关联的性能损失。
要关闭此功能，请移除注册表值 [HKLM\Software\Microsoft\Fusion!EnableLog]。

[20:34:58] [DEBUG] Instantiating script 'HotCoffee.Menus.OnFoot.SexMenu' in script domain 'ScriptDomain_A72F3A56' ...
[20:34:58] [ERROR] Failed to instantiate script 'HotCoffee.Menus.OnFoot.SexMenu' because constructor threw an exception:
System.IO.FileNotFoundException: 未能加载文件或程序集“NativeUI, Version=1.0.0.0, Culture=neutral, PublicKeyToken=null”或它的某一个依赖项。系统找不到指定的文件。
文件名:“NativeUI, Version=1.0.0.0, Culture=neutral, PublicKeyToken=null”
   在 HotCoffee.Menus.OnFoot.SexMenu..ctor()

警告: 程序集绑定日志记录被关闭。
要启用程序集绑定失败日志记录，请将注册表值 [HKLM\Software\Microsoft\Fusion!EnableLog] (DWORD)设置为 1。
注意: 会有一些与程序集绑定失败日志记录关联的性能损失。
要关闭此功能，请移除注册表值 [HKLM\Software\Microsoft\Fusion!EnableLog]。

[20:34:58] [DEBUG] Instantiating script 'HotCoffee.Menus.OnFoot.MainMenu' in script domain 'ScriptDomain_A72F3A56' ...
[20:34:58] [ERROR] Failed to instantiate script 'HotCoffee.Menus.OnFoot.MainMenu' because constructor threw an exception:
System.IO.FileNotFoundException: 未能加载文件或程序集“NativeUI, Version=1.0.0.0, Culture=neutral, PublicKeyToken=null”或它的某一个依赖项。系统找不到指定的文件。
文件名:“NativeUI, Version=1.0.0.0, Culture=neutral, PublicKeyToken=null”
   在 HotCoffee.Menus.OnFoot.MainMenu..ctor()

警告: 程序集绑定日志记录被关闭。
要启用程序集绑定失败日志记录，请将注册表值 [HKLM\Software\Microsoft\Fusion!EnableLog] (DWORD)设置为 1。
注意: 会有一些与程序集绑定失败日志记录关联的性能损失。
要关闭此功能，请移除注册表值 [HKLM\Software\Microsoft\Fusion!EnableLog]。

[20:34:58] [ERROR] Caught fatal unhandled exception:
System.IO.FileNotFoundException: 未能加载文件或程序集“NativeUI, Version=1.0.0.0, Culture=neutral, PublicKeyToken=null”或它的某一个依赖项。系统找不到指定的文件。
文件名:“NativeUI, Version=1.0.0.0, Culture=neutral, PublicKeyToken=null”
   在 HotCoffee.HotCoffeeVehicleScript.OnTick(Object sender, EventArgs e)
   在 GTA.Script.raise_Tick(Object value0, EventArgs value1)
   在 GTA.Script.MainLoop()

警告: 程序集绑定日志记录被关闭。
要启用程序集绑定失败日志记录，请将注册表值 [HKLM\Software\Microsoft\Fusion!EnableLog] (DWORD)设置为 1。
注意: 会有一些与程序集绑定失败日志记录关联的性能损失。
要关闭此功能，请移除注册表值 [HKLM\Software\Microsoft\Fusion!EnableLog]。

[20:34:58] [ERROR] Caught fatal unhandled exception:
System.IO.FileNotFoundException: 未能加载文件或程序集“NativeUI, Version=1.0.0.0, Culture=neutral, PublicKeyToken=null”或它的某一个依赖项。系统找不到指定的文件。
文件名:“NativeUI, Version=1.0.0.0, Culture=neutral, PublicKeyToken=null”
   在 HotCoffee.HotCoffeeOnFootScript.OnTick(Object sender, EventArgs e)
   在 GTA.Script.raise_Tick(Object value0, EventArgs value1)
   在 GTA.Script.MainLoop()

警告: 程序集绑定日志记录被关闭。
要启用程序集绑定失败日志记录，请将注册表值 [HKLM\Software\Microsoft\Fusion!EnableLog] (DWORD)设置为 1。
注意: 会有一些与程序集绑定失败日志记录关联的性能损失。
要关闭此功能，请移除注册表值 [HKLM\Software\Microsoft\Fusion!EnableLog]。

[20:35:03] [ERROR] Script 'HotCoffee.HotCoffeeOnFootScript' is not responding! Aborting ...
[20:35:03] [DEBUG] Aborted script 'HotCoffee.HotCoffeeOnFootScript'.
[20:37:52] [DEBUG] Created script domain 'ScriptDomain_36BE6BD3'.
[20:37:52] [DEBUG] Loading scripts from 'E:\Grand Theft Auto V\scripts' into script domain 'ScriptDomain_36BE6BD3' ...
[20:37:52] [DEBUG] Found 7 script(s) in 'HotCoffee.dll'.
[20:37:52] [DEBUG] Starting 7 script(s) ...
[20:37:52] [DEBUG] Instantiating script 'HotCoffee.Settings' in script domain 'ScriptDomain_36BE6BD3' ...
[20:37:52] [DEBUG] Started script 'HotCoffee.Settings'.
[20:37:52] [DEBUG] Instantiating script 'HotCoffee.Main' in script domain 'ScriptDomain_36BE6BD3' ...
[20:37:52] [ERROR] Failed to instantiate script 'HotCoffee.Main' because constructor threw an exception:
System.TypeInitializationException: “HotCoffee.Main”的类型初始值设定项引发异常。 ---> System.IO.FileNotFoundException: 未能加载文件或程序集“NativeUI, Version=1.0.0.0, Culture=neutral, PublicKeyToken=null”或它的某一个依赖项。系统找不到指定的文件。
   在 HotCoffee.Main..cctor()
   --- 内部异常堆栈跟踪的结尾 ---
   在 HotCoffee.Main..ctor()
[20:37:52] [DEBUG] Instantiating script 'HotCoffee.HotCoffeeVehicleScript' in script domain 'ScriptDomain_36BE6BD3' ...
[20:37:52] [DEBUG] Started script 'HotCoffee.HotCoffeeVehicleScript'.
[20:37:52] [DEBUG] Instantiating script 'HotCoffee.HotCoffeeOnFootScript' in script domain 'ScriptDomain_36BE6BD3' ...
[20:37:52] [DEBUG] Started script 'HotCoffee.HotCoffeeOnFootScript'.
[20:37:52] [DEBUG] Instantiating script 'HotCoffee.Menus.Vehicle.MainMenu' in script domain 'ScriptDomain_36BE6BD3' ...
[20:37:52] [ERROR] Failed to instantiate script 'HotCoffee.Menus.Vehicle.MainMenu' because constructor threw an exception:
System.IO.FileNotFoundException: 未能加载文件或程序集“NativeUI, Version=1.0.0.0, Culture=neutral, PublicKeyToken=null”或它的某一个依赖项。系统找不到指定的文件。
文件名:“NativeUI, Version=1.0.0.0, Culture=neutral, PublicKeyToken=null”
   在 HotCoffee.Menus.Vehicle.MainMenu..ctor()

警告: 程序集绑定日志记录被关闭。
要启用程序集绑定失败日志记录，请将注册表值 [HKLM\Software\Microsoft\Fusion!EnableLog] (DWORD)设置为 1。
注意: 会有一些与程序集绑定失败日志记录关联的性能损失。
要关闭此功能，请移除注册表值 [HKLM\Software\Microsoft\Fusion!EnableLog]。

[20:37:52] [DEBUG] Instantiating script 'HotCoffee.Menus.OnFoot.SexMenu' in script domain 'ScriptDomain_36BE6BD3' ...
[20:37:52] [ERROR] Failed to instantiate script 'HotCoffee.Menus.OnFoot.SexMenu' because constructor threw an exception:
System.IO.FileNotFoundException: 未能加载文件或程序集“NativeUI, Version=1.0.0.0, Culture=neutral, PublicKeyToken=null”或它的某一个依赖项。系统找不到指定的文件。
文件名:“NativeUI, Version=1.0.0.0, Culture=neutral, PublicKeyToken=null”
   在 HotCoffee.Menus.OnFoot.SexMenu..ctor()

警告: 程序集绑定日志记录被关闭。
要启用程序集绑定失败日志记录，请将注册表值 [HKLM\Software\Microsoft\Fusion!EnableLog] (DWORD)设置为 1。
注意: 会有一些与程序集绑定失败日志记录关联的性能损失。
要关闭此功能，请移除注册表值 [HKLM\Software\Microsoft\Fusion!EnableLog]。

[20:37:52] [DEBUG] Instantiating script 'HotCoffee.Menus.OnFoot.MainMenu' in script domain 'ScriptDomain_36BE6BD3' ...
[20:37:52] [ERROR] Failed to instantiate script 'HotCoffee.Menus.OnFoot.MainMenu' because constructor threw an exception:
System.IO.FileNotFoundException: 未能加载文件或程序集“NativeUI, Version=1.0.0.0, Culture=neutral, PublicKeyToken=null”或它的某一个依赖项。系统找不到指定的文件。
文件名:“NativeUI, Version=1.0.0.0, Culture=neutral, PublicKeyToken=null”
   在 HotCoffee.Menus.OnFoot.MainMenu..ctor()

警告: 程序集绑定日志记录被关闭。
要启用程序集绑定失败日志记录，请将注册表值 [HKLM\Software\Microsoft\Fusion!EnableLog] (DWORD)设置为 1。
注意: 会有一些与程序集绑定失败日志记录关联的性能损失。
要关闭此功能，请移除注册表值 [HKLM\Software\Microsoft\Fusion!EnableLog]。

[20:37:52] [ERROR] Caught fatal unhandled exception:
System.IO.FileNotFoundException: 未能加载文件或程序集“NativeUI, Version=1.0.0.0, Culture=neutral, PublicKeyToken=null”或它的某一个依赖项。系统找不到指定的文件。
文件名:“NativeUI, Version=1.0.0.0, Culture=neutral, PublicKeyToken=null”
   在 HotCoffee.HotCoffeeVehicleScript.OnTick(Object sender, EventArgs e)
   在 GTA.Script.raise_Tick(Object value0, EventArgs value1)
   在 GTA.Script.MainLoop()

警告: 程序集绑定日志记录被关闭。
要启用程序集绑定失败日志记录，请将注册表值 [HKLM\Software\Microsoft\Fusion!EnableLog] (DWORD)设置为 1。
注意: 会有一些与程序集绑定失败日志记录关联的性能损失。
要关闭此功能，请移除注册表值 [HKLM\Software\Microsoft\Fusion!EnableLog]。

[20:37:52] [ERROR] Caught fatal unhandled exception:
System.IO.FileNotFoundException: 未能加载文件或程序集“NativeUI, Version=1.0.0.0, Culture=neutral, PublicKeyToken=null”或它的某一个依赖项。系统找不到指定的文件。
文件名:“NativeUI, Version=1.0.0.0, Culture=neutral, PublicKeyToken=null”
   在 HotCoffee.HotCoffeeOnFootScript.OnTick(Object sender, EventArgs e)
   在 GTA.Script.raise_Tick(Object value0, EventArgs value1)
   在 GTA.Script.MainLoop()

警告: 程序集绑定日志记录被关闭。
要启用程序集绑定失败日志记录，请将注册表值 [HKLM\Software\Microsoft\Fusion!EnableLog] (DWORD)设置为 1。
注意: 会有一些与程序集绑定失败日志记录关联的性能损失。
要关闭此功能，请移除注册表值 [HKLM\Software\Microsoft\Fusion!EnableLog]。

[20:37:58] [ERROR] Script 'HotCoffee.HotCoffeeOnFootScript' is not responding! Aborting ...
[20:37:58] [DEBUG] Aborted script 'HotCoffee.HotCoffeeOnFootScript'.
[20:42:44] [DEBUG] Created script domain 'ScriptDomain_8A294591'.
[20:42:44] [DEBUG] Loading scripts from 'E:\Grand Theft Auto V\scripts' into script domain 'ScriptDomain_8A294591' ...
[20:42:44] [DEBUG] Found 7 script(s) in 'HotCoffee.dll'.
[20:42:44] [DEBUG] Starting 7 script(s) ...
[20:42:44] [DEBUG] Instantiating script 'HotCoffee.Settings' in script domain 'ScriptDomain_8A294591' ...
[20:42:44] [DEBUG] Started script 'HotCoffee.Settings'.
[20:42:44] [DEBUG] Instantiating script 'HotCoffee.Main' in script domain 'ScriptDomain_8A294591' ...
[20:42:44] [ERROR] Failed to instantiate script 'HotCoffee.Main' because constructor threw an exception:
System.TypeInitializationException: “HotCoffee.Main”的类型初始值设定项引发异常。 ---> System.IO.FileNotFoundException: 未能加载文件或程序集“NativeUI, Version=1.0.0.0, Culture=neutral, PublicKeyToken=null”或它的某一个依赖项。系统找不到指定的文件。
   在 HotCoffee.Main..cctor()
   --- 内部异常堆栈跟踪的结尾 ---
   在 HotCoffee.Main..ctor()
[20:42:44] [DEBUG] Instantiating script 'HotCoffee.HotCoffeeVehicleScript' in script domain 'ScriptDomain_8A294591' ...
[20:42:44] [DEBUG] Started script 'HotCoffee.HotCoffeeVehicleScript'.
[20:42:44] [DEBUG] Instantiating script 'HotCoffee.HotCoffeeOnFootScript' in script domain 'ScriptDomain_8A294591' ...
[20:42:44] [DEBUG] Started script 'HotCoffee.HotCoffeeOnFootScript'.
[20:42:44] [DEBUG] Instantiating script 'HotCoffee.Menus.Vehicle.MainMenu' in script domain 'ScriptDomain_8A294591' ...
[20:42:44] [ERROR] Failed to instantiate script 'HotCoffee.Menus.Vehicle.MainMenu' because constructor threw an exception:
System.IO.FileNotFoundException: 未能加载文件或程序集“NativeUI, Version=1.0.0.0, Culture=neutral, PublicKeyToken=null”或它的某一个依赖项。系统找不到指定的文件。
文件名:“NativeUI, Version=1.0.0.0, Culture=neutral, PublicKeyToken=null”
   在 HotCoffee.Menus.Vehicle.MainMenu..ctor()

警告: 程序集绑定日志记录被关闭。
要启用程序集绑定失败日志记录，请将注册表值 [HKLM\Software\Microsoft\Fusion!EnableLog] (DWORD)设置为 1。
注意: 会有一些与程序集绑定失败日志记录关联的性能损失。
要关闭此功能，请移除注册表值 [HKLM\Software\Microsoft\Fusion!EnableLog]。

[20:42:44] [DEBUG] Instantiating script 'HotCoffee.Menus.OnFoot.SexMenu' in script domain 'ScriptDomain_8A294591' ...
[20:42:44] [ERROR] Failed to instantiate script 'HotCoffee.Menus.OnFoot.SexMenu' because constructor threw an exception:
System.IO.FileNotFoundException: 未能加载文件或程序集“NativeUI, Version=1.0.0.0, Culture=neutral, PublicKeyToken=null”或它的某一个依赖项。系统找不到指定的文件。
文件名:“NativeUI, Version=1.0.0.0, Culture=neutral, PublicKeyToken=null”
   在 HotCoffee.Menus.OnFoot.SexMenu..ctor()

警告: 程序集绑定日志记录被关闭。
要启用程序集绑定失败日志记录，请将注册表值 [HKLM\Software\Microsoft\Fusion!EnableLog] (DWORD)设置为 1。
注意: 会有一些与程序集绑定失败日志记录关联的性能损失。
要关闭此功能，请移除注册表值 [HKLM\Software\Microsoft\Fusion!EnableLog]。

[20:42:44] [DEBUG] Instantiating script 'HotCoffee.Menus.OnFoot.MainMenu' in script domain 'ScriptDomain_8A294591' ...
[20:42:44] [ERROR] Failed to instantiate script 'HotCoffee.Menus.OnFoot.MainMenu' because constructor threw an exception:
System.IO.FileNotFoundException: 未能加载文件或程序集“NativeUI, Version=1.0.0.0, Culture=neutral, PublicKeyToken=null”或它的某一个依赖项。系统找不到指定的文件。
文件名:“NativeUI, Version=1.0.0.0, Culture=neutral, PublicKeyToken=null”
   在 HotCoffee.Menus.OnFoot.MainMenu..ctor()

警告: 程序集绑定日志记录被关闭。
要启用程序集绑定失败日志记录，请将注册表值 [HKLM\Software\Microsoft\Fusion!EnableLog] (DWORD)设置为 1。
注意: 会有一些与程序集绑定失败日志记录关联的性能损失。
要关闭此功能，请移除注册表值 [HKLM\Software\Microsoft\Fusion!EnableLog]。

[20:42:44] [ERROR] Caught fatal unhandled exception:
System.IO.FileNotFoundException: 未能加载文件或程序集“NativeUI, Version=1.0.0.0, Culture=neutral, PublicKeyToken=null”或它的某一个依赖项。系统找不到指定的文件。
文件名:“NativeUI, Version=1.0.0.0, Culture=neutral, PublicKeyToken=null”
   在 HotCoffee.HotCoffeeVehicleScript.OnTick(Object sender, EventArgs e)
   在 GTA.Script.raise_Tick(Object value0, EventArgs value1)
   在 GTA.Script.MainLoop()

警告: 程序集绑定日志记录被关闭。
要启用程序集绑定失败日志记录，请将注册表值 [HKLM\Software\Microsoft\Fusion!EnableLog] (DWORD)设置为 1。
注意: 会有一些与程序集绑定失败日志记录关联的性能损失。
要关闭此功能，请移除注册表值 [HKLM\Software\Microsoft\Fusion!EnableLog]。

[20:42:44] [ERROR] Caught fatal unhandled exception:
System.IO.FileNotFoundException: 未能加载文件或程序集“NativeUI, Version=1.0.0.0, Culture=neutral, PublicKeyToken=null”或它的某一个依赖项。系统找不到指定的文件。
文件名:“NativeUI, Version=1.0.0.0, Culture=neutral, PublicKeyToken=null”
   在 HotCoffee.HotCoffeeOnFootScript.OnTick(Object sender, EventArgs e)
   在 GTA.Script.raise_Tick(Object value0, EventArgs value1)
   在 GTA.Script.MainLoop()

警告: 程序集绑定日志记录被关闭。
要启用程序集绑定失败日志记录，请将注册表值 [HKLM\Software\Microsoft\Fusion!EnableLog] (DWORD)设置为 1。
注意: 会有一些与程序集绑定失败日志记录关联的性能损失。
要关闭此功能，请移除注册表值 [HKLM\Software\Microsoft\Fusion!EnableLog]。

[20:42:49] [ERROR] Script 'HotCoffee.HotCoffeeOnFootScript' is not responding! Aborting ...
[20:42:49] [DEBUG] Aborted script 'HotCoffee.HotCoffeeOnFootScript'.
[20:57:27] [DEBUG] Unloading script domain 'ScriptDomain_8A294591' ...
[20:57:27] [DEBUG] Stopping 3 script(s) ...
[20:57:27] [DEBUG] Aborted script 'HotCoffee.Settings'.
[20:57:27] [DEBUG] Aborted script 'HotCoffee.HotCoffeeVehicleScript'.
[20:57:27] [DEBUG] Deleted script domain 'ScriptDomain_8A294591'.
[20:57:28] [DEBUG] Created script domain 'ScriptDomain_EEE659B4'.
[20:57:28] [DEBUG] Loading scripts from 'E:\Grand Theft Auto V\scripts' into script domain 'ScriptDomain_EEE659B4' ...
[20:57:28] [DEBUG] Found 7 script(s) in 'HotCoffee.dll'.
[20:57:28] [DEBUG] Starting 7 script(s) ...
[20:57:28] [DEBUG] Instantiating script 'HotCoffee.Settings' in script domain 'ScriptDomain_EEE659B4' ...
[20:57:28] [DEBUG] Started script 'HotCoffee.Settings'.
[20:57:28] [DEBUG] Instantiating script 'HotCoffee.Main' in script domain 'ScriptDomain_EEE659B4' ...
[20:57:28] [ERROR] Failed to instantiate script 'HotCoffee.Main' because constructor threw an exception:
System.TypeInitializationException: “HotCoffee.Main”的类型初始值设定项引发异常。 ---> System.IO.FileNotFoundException: 未能加载文件或程序集“NativeUI, Version=1.0.0.0, Culture=neutral, PublicKeyToken=null”或它的某一个依赖项。系统找不到指定的文件。
   在 HotCoffee.Main..cctor()
   --- 内部异常堆栈跟踪的结尾 ---
   在 HotCoffee.Main..ctor()
[20:57:28] [DEBUG] Instantiating script 'HotCoffee.HotCoffeeVehicleScript' in script domain 'ScriptDomain_EEE659B4' ...
[20:57:28] [DEBUG] Started script 'HotCoffee.HotCoffeeVehicleScript'.
[20:57:28] [DEBUG] Instantiating script 'HotCoffee.HotCoffeeOnFootScript' in script domain 'ScriptDomain_EEE659B4' ...
[20:57:28] [DEBUG] Started script 'HotCoffee.HotCoffeeOnFootScript'.
[20:57:28] [DEBUG] Instantiating script 'HotCoffee.Menus.Vehicle.MainMenu' in script domain 'ScriptDomain_EEE659B4' ...
[20:57:28] [ERROR] Failed to instantiate script 'HotCoffee.Menus.Vehicle.MainMenu' because constructor threw an exception:
System.IO.FileNotFoundException: 未能加载文件或程序集“NativeUI, Version=1.0.0.0, Culture=neutral, PublicKeyToken=null”或它的某一个依赖项。系统找不到指定的文件。
文件名:“NativeUI, Version=1.0.0.0, Culture=neutral, PublicKeyToken=null”
   在 HotCoffee.Menus.Vehicle.MainMenu..ctor()

警告: 程序集绑定日志记录被关闭。
要启用程序集绑定失败日志记录，请将注册表值 [HKLM\Software\Microsoft\Fusion!EnableLog] (DWORD)设置为 1。
注意: 会有一些与程序集绑定失败日志记录关联的性能损失。
要关闭此功能，请移除注册表值 [HKLM\Software\Microsoft\Fusion!EnableLog]。

[20:57:28] [DEBUG] Instantiating script 'HotCoffee.Menus.OnFoot.SexMenu' in script domain 'ScriptDomain_EEE659B4' ...
[20:57:28] [ERROR] Failed to instantiate script 'HotCoffee.Menus.OnFoot.SexMenu' because constructor threw an exception:
System.IO.FileNotFoundException: 未能加载文件或程序集“NativeUI, Version=1.0.0.0, Culture=neutral, PublicKeyToken=null”或它的某一个依赖项。系统找不到指定的文件。
文件名:“NativeUI, Version=1.0.0.0, Culture=neutral, PublicKeyToken=null”
   在 HotCoffee.Menus.OnFoot.SexMenu..ctor()

警告: 程序集绑定日志记录被关闭。
要启用程序集绑定失败日志记录，请将注册表值 [HKLM\Software\Microsoft\Fusion!EnableLog] (DWORD)设置为 1。
注意: 会有一些与程序集绑定失败日志记录关联的性能损失。
要关闭此功能，请移除注册表值 [HKLM\Software\Microsoft\Fusion!EnableLog]。

[20:57:28] [DEBUG] Instantiating script 'HotCoffee.Menus.OnFoot.MainMenu' in script domain 'ScriptDomain_EEE659B4' ...
[20:57:28] [ERROR] Failed to instantiate script 'HotCoffee.Menus.OnFoot.MainMenu' because constructor threw an exception:
System.IO.FileNotFoundException: 未能加载文件或程序集“NativeUI, Version=1.0.0.0, Culture=neutral, PublicKeyToken=null”或它的某一个依赖项。系统找不到指定的文件。
文件名:“NativeUI, Version=1.0.0.0, Culture=neutral, PublicKeyToken=null”
   在 HotCoffee.Menus.OnFoot.MainMenu..ctor()

警告: 程序集绑定日志记录被关闭。
要启用程序集绑定失败日志记录，请将注册表值 [HKLM\Software\Microsoft\Fusion!EnableLog] (DWORD)设置为 1。
注意: 会有一些与程序集绑定失败日志记录关联的性能损失。
要关闭此功能，请移除注册表值 [HKLM\Software\Microsoft\Fusion!EnableLog]。

[20:57:28] [ERROR] Caught fatal unhandled exception:
System.IO.FileNotFoundException: 未能加载文件或程序集“NativeUI, Version=1.0.0.0, Culture=neutral, PublicKeyToken=null”或它的某一个依赖项。系统找不到指定的文件。
文件名:“NativeUI, Version=1.0.0.0, Culture=neutral, PublicKeyToken=null”
   在 HotCoffee.HotCoffeeVehicleScript.OnTick(Object sender, EventArgs e)
   在 GTA.Script.raise_Tick(Object value0, EventArgs value1)
   在 GTA.Script.MainLoop()

警告: 程序集绑定日志记录被关闭。
要启用程序集绑定失败日志记录，请将注册表值 [HKLM\Software\Microsoft\Fusion!EnableLog] (DWORD)设置为 1。
注意: 会有一些与程序集绑定失败日志记录关联的性能损失。
要关闭此功能，请移除注册表值 [HKLM\Software\Microsoft\Fusion!EnableLog]。

[20:57:28] [ERROR] Caught fatal unhandled exception:
System.IO.FileNotFoundException: 未能加载文件或程序集“NativeUI, Version=1.0.0.0, Culture=neutral, PublicKeyToken=null”或它的某一个依赖项。系统找不到指定的文件。
文件名:“NativeUI, Version=1.0.0.0, Culture=neutral, PublicKeyToken=null”
   在 HotCoffee.HotCoffeeOnFootScript.OnTick(Object sender, EventArgs e)
   在 GTA.Script.raise_Tick(Object value0, EventArgs value1)
   在 GTA.Script.MainLoop()

警告: 程序集绑定日志记录被关闭。
要启用程序集绑定失败日志记录，请将注册表值 [HKLM\Software\Microsoft\Fusion!EnableLog] (DWORD)设置为 1。
注意: 会有一些与程序集绑定失败日志记录关联的性能损失。
要关闭此功能，请移除注册表值 [HKLM\Software\Microsoft\Fusion!EnableLog]。

[20:57:34] [ERROR] Script 'HotCoffee.HotCoffeeOnFootScript' is not responding! Aborting ...
[20:57:34] [DEBUG] Aborted script 'HotCoffee.HotCoffeeOnFootScript'.
